<?xml version="1.0" encoding="UTF-8"?>
<!-- Generated by org.testng.reporters.JUnitReportReporter -->
<testsuite hostname="MrR" failures="0" tests="4" name="Testclass.Testing" time="173.265" errors="0" timestamp="2021-07-26T21:13:09 IST" skipped="0">
  <testcase classname="Testclass.Testing" name="openingCorporatePage" time="34.962"/>
  <system-out/>
  <testcase classname="Testclass.Testing" name="validateName" time="28.251"/>
  <system-out/>
  <testcase classname="Testclass.Testing" name="validatingWrongEmail" time="96.917"/>
  <system-out/>
  <testcase classname="Testclass.Testing" name="validatingPhoneNumber" time="13.135"/>
  <system-out/>
</testsuite> <!-- Testclass.Testing -->
