<?xml version="1.0" encoding="UTF-8"?>
<!-- Generated by org.testng.reporters.JUnitReportReporter -->
<testsuite hostname="MrR" failures="0" tests="1" name="testCases.phoneWrongTestCase" time="0.000" errors="0" timestamp="2021-07-25T12:06:03 IST" skipped="1">
  <testcase classname="testCases.phoneWrongTestCase" name="submitForm" time="0.000">
    <skipped/>
  </testcase> <!-- submitForm -->
  <system-out/>
</testsuite> <!-- testCases.phoneWrongTestCase -->
