<?xml version="1.0" encoding="UTF-8"?>
<!-- Generated by org.testng.reporters.JUnitReportReporter -->
<testsuite hostname="MrR" failures="0" tests="1" name="testCases.emailWrongTestCase" time="0.000" errors="0" timestamp="2021-07-25T16:27:16 IST" skipped="1">
  <testcase classname="testCases.emailWrongTestCase" name="submitForm" time="0.000">
    <skipped/>
  </testcase> <!-- submitForm -->
  <system-out/>
</testsuite> <!-- testCases.emailWrongTestCase -->
